{"level":"info","message":"Listening on port 3000...","timestamp":"2023-04-01T08:34:28.286Z"}
{"level":"info","message":"Listening on port 3000...","timestamp":"2023-04-01T08:44:02.220Z"}
{"level":"info","message":"Listening on port 3000...","timestamp":"2023-04-01T08:49:41.555Z"}
{"level":"info","message":"Listening on port 3000...","timestamp":"2023-04-01T08:56:53.603Z"}
{"level":"info","message":"Listening on port 3000...","timestamp":"2023-04-01T08:57:11.665Z"}
{"level":"info","message":"could not connect to mongodb. bad auth : authentication failed","timestamp":"2023-04-01T08:57:14.864Z"}
{"level":"info","message":"Listening on port 3000...","timestamp":"2023-04-01T09:12:02.118Z"}
{"level":"info","message":"could not connect to mongodb. bad auth : authentication failed","timestamp":"2023-04-01T09:12:05.455Z"}
{"level":"info","message":"Listening on port 3000...","timestamp":"2023-04-01T09:12:54.961Z"}
{"level":"info","message":"could not connect to mongodb. mongodb+srv URI cannot have port number","timestamp":"2023-04-01T09:12:54.967Z"}
{"level":"info","message":"Listening on port 3000...","timestamp":"2023-04-01T09:13:25.512Z"}
{"level":"info","message":"could not connect to mongodb. bad auth : authentication failed","timestamp":"2023-04-01T09:13:28.951Z"}
{"level":"info","message":"Listening on port 3000...","timestamp":"2023-04-01T09:13:49.854Z"}
{"level":"info","message":"could not connect to mongodb. bad auth : authentication failed","timestamp":"2023-04-01T09:13:53.978Z"}
{"level":"info","message":"Listening on port 3000...","timestamp":"2023-04-01T09:14:12.109Z"}
{"level":"info","message":"could not connect to mongodb. bad auth : authentication failed","timestamp":"2023-04-01T09:14:16.096Z"}
{"level":"info","message":"Listening on port 3000...","timestamp":"2023-04-01T09:14:36.323Z"}
{"level":"info","message":"could not connect to mongodb. Could not connect to any servers in your MongoDB Atlas cluster. One common reason is that you're trying to access the database from an IP that isn't whitelisted. Make sure your current IP address is on your Atlas cluster's IP whitelist: https://www.mongodb.com/docs/atlas/security-whitelist/","timestamp":"2023-04-01T09:15:06.328Z"}
{"level":"info","message":"Listening on port 3000...","timestamp":"2023-04-01T09:15:36.715Z"}
{"level":"info","message":"could not connect to mongodb. bad auth : authentication failed","timestamp":"2023-04-01T09:15:42.548Z"}
{"level":"info","message":"Listening on port 3000...","timestamp":"2023-04-01T09:18:52.933Z"}
{"level":"info","message":"could not connect to mongodb. bad auth : authentication failed","timestamp":"2023-04-01T09:18:56.114Z"}
{"level":"info","message":"Listening on port 3000...","timestamp":"2023-04-01T09:19:23.906Z"}
{"level":"info","message":"could not connect to mongodb. bad auth : authentication failed","timestamp":"2023-04-01T09:19:27.311Z"}
{"level":"info","message":"Listening on port 3000...","timestamp":"2023-04-01T09:20:06.746Z"}
{"level":"info","message":"could not connect to mongodb. bad auth : authentication failed","timestamp":"2023-04-01T09:20:09.894Z"}
{"level":"info","message":"Listening on port 3000...","timestamp":"2023-04-01T09:21:28.598Z"}
{"level":"info","message":"could not connect to mongodb. bad auth : authentication failed","timestamp":"2023-04-01T09:21:33.140Z"}
{"level":"info","message":"Listening on port 3000...","timestamp":"2023-04-01T09:23:52.039Z"}
{"level":"info","message":"could not connect to mongodb. bad auth : authentication failed","timestamp":"2023-04-01T09:23:56.710Z"}
{"level":"info","message":"Listening on port 3000...","timestamp":"2023-04-01T09:33:45.396Z"}
{"level":"info","message":"could not connect to mongodb. bad auth : authentication failed","timestamp":"2023-04-01T09:33:49.804Z"}
{"level":"info","message":"Listening on port 3000...","timestamp":"2023-04-01T09:35:31.365Z"}
{"level":"info","message":"could not connect to mongodb. bad auth : authentication failed","timestamp":"2023-04-01T09:35:34.830Z"}
{"level":"info","message":"Listening on port 3000...","timestamp":"2023-04-01T09:36:42.630Z"}
{"level":"info","message":"could not connect to mongodb. bad auth : authentication failed","timestamp":"2023-04-01T09:36:45.941Z"}
{"level":"info","message":"Listening on port 3000...","timestamp":"2023-04-01T09:44:33.807Z"}
{"level":"info","message":"could not connect to mongodb. bad auth : authentication failed","timestamp":"2023-04-01T09:44:36.903Z"}
{"level":"info","message":"Listening on port 3000...","timestamp":"2023-04-01T09:45:00.784Z"}
{"level":"info","message":"could not connect to mongodb. bad auth : Authentication failed.","timestamp":"2023-04-01T09:45:03.641Z"}
{"level":"info","message":"Listening on port 3000...","timestamp":"2023-04-01T09:49:55.435Z"}
{"level":"info","message":"could not connect to mongodb. bad auth : Authentication failed.","timestamp":"2023-04-01T09:49:59.579Z"}
{"level":"info","message":"Listening on port 3000...","timestamp":"2023-04-01T09:50:13.200Z"}
{"level":"info","message":"could not connect to mongodb. bad auth : Authentication failed.","timestamp":"2023-04-01T09:50:16.295Z"}
{"level":"info","message":"Listening on port 3000...","timestamp":"2023-04-01T10:17:51.467Z"}
{"level":"info","message":"could not connect to mongodb. Invalid scheme, expected connection string to start with \"mongodb://\" or \"mongodb+srv://\"","timestamp":"2023-04-01T10:17:51.524Z"}
{"level":"info","message":"Listening on port 3000...","timestamp":"2023-04-01T10:18:40.293Z"}
{"level":"info","message":"could not connect to mongodb. bad auth : authentication failed","timestamp":"2023-04-01T10:18:44.867Z"}
{"level":"info","message":"Listening on port 3000...","timestamp":"2023-04-01T10:19:30.648Z"}
{"level":"info","message":"could not connect to mongodb. bad auth : authentication failed","timestamp":"2023-04-01T10:19:35.470Z"}
{"message":"Operation `genres.find()` buffering timed out after 10000ms","stack":"MongooseError: Operation `genres.find()` buffering timed out after 10000ms\n    at Timeout.<anonymous> (C:\\Users\\Acer\\Desktop\\Vidly\\node_modules\\mongoose\\lib\\drivers\\node-mongodb-native\\collection.js:185:23)\n    at listOnTimeout (node:internal/timers:569:17)\n    at process.processTimers (node:internal/timers:512:7)","level":"error","timestamp":"2023-04-01T10:20:24.166Z"}
{"level":"info","message":"Listening on port 3000...","timestamp":"2023-04-01T10:51:21.905Z"}
{"message":"could not connect to mongodb.","stack":"MongoServerError: bad auth : authentication failed\n    at Connection.onMessage (C:\\Users\\Acer\\Desktop\\Vidly\\node_modules\\mongodb\\lib\\cmap\\connection.js:201:30)\n    at MessageStream.<anonymous> (C:\\Users\\Acer\\Desktop\\Vidly\\node_modules\\mongodb\\lib\\cmap\\connection.js:59:60)\n    at MessageStream.emit (node:events:513:28)\n    at processIncomingData (C:\\Users\\Acer\\Desktop\\Vidly\\node_modules\\mongodb\\lib\\cmap\\message_stream.js:124:16)\n    at MessageStream._write (C:\\Users\\Acer\\Desktop\\Vidly\\node_modules\\mongodb\\lib\\cmap\\message_stream.js:33:9)\n    at writeOrBuffer (node:internal/streams/writable:392:12)\n    at _write (node:internal/streams/writable:333:10)\n    at Writable.write (node:internal/streams/writable:337:10)\n    at TLSSocket.ondata (node:internal/streams/readable:766:22)\n    at TLSSocket.emit (node:events:513:28)\n    at addChunk (node:internal/streams/readable:324:12)\n    at readableAddChunk (node:internal/streams/readable:297:9)\n    at Readable.push (node:internal/streams/readable:234:10)\n    at TLSWrap.onStreamRead (node:internal/stream_base_commons:190:23)","ok":0,"code":8000,"codeName":"AtlasError","connectionGeneration":0,"level":"info","timestamp":"2023-04-01T10:51:30.637Z"}
{"level":"info","message":"Listening on port 3000...","timestamp":"2023-04-01T10:55:48.324Z"}
{"message":"could not connect to mongodb.","stack":"MongoServerError: bad auth : authentication failed\n    at Connection.onMessage (C:\\Users\\Acer\\Desktop\\Vidly\\node_modules\\mongodb\\lib\\cmap\\connection.js:201:30)\n    at MessageStream.<anonymous> (C:\\Users\\Acer\\Desktop\\Vidly\\node_modules\\mongodb\\lib\\cmap\\connection.js:59:60)\n    at MessageStream.emit (node:events:513:28)\n    at processIncomingData (C:\\Users\\Acer\\Desktop\\Vidly\\node_modules\\mongodb\\lib\\cmap\\message_stream.js:124:16)\n    at MessageStream._write (C:\\Users\\Acer\\Desktop\\Vidly\\node_modules\\mongodb\\lib\\cmap\\message_stream.js:33:9)\n    at writeOrBuffer (node:internal/streams/writable:392:12)\n    at _write (node:internal/streams/writable:333:10)\n    at Writable.write (node:internal/streams/writable:337:10)\n    at TLSSocket.ondata (node:internal/streams/readable:766:22)\n    at TLSSocket.emit (node:events:513:28)\n    at addChunk (node:internal/streams/readable:324:12)\n    at readableAddChunk (node:internal/streams/readable:297:9)\n    at Readable.push (node:internal/streams/readable:234:10)\n    at TLSWrap.onStreamRead (node:internal/stream_base_commons:190:23)","ok":0,"code":8000,"codeName":"AtlasError","connectionGeneration":0,"level":"info","timestamp":"2023-04-01T10:55:54.676Z"}
{"level":"info","message":"Listening on port 3000...","timestamp":"2023-04-01T10:58:17.136Z"}
{"message":"could not connect to mongodb.","stack":"MongoServerError: bad auth : authentication failed\n    at Connection.onMessage (C:\\Users\\Acer\\Desktop\\Vidly\\node_modules\\mongodb\\lib\\cmap\\connection.js:201:30)\n    at MessageStream.<anonymous> (C:\\Users\\Acer\\Desktop\\Vidly\\node_modules\\mongodb\\lib\\cmap\\connection.js:59:60)\n    at MessageStream.emit (node:events:513:28)\n    at processIncomingData (C:\\Users\\Acer\\Desktop\\Vidly\\node_modules\\mongodb\\lib\\cmap\\message_stream.js:124:16)\n    at MessageStream._write (C:\\Users\\Acer\\Desktop\\Vidly\\node_modules\\mongodb\\lib\\cmap\\message_stream.js:33:9)\n    at writeOrBuffer (node:internal/streams/writable:392:12)\n    at _write (node:internal/streams/writable:333:10)\n    at Writable.write (node:internal/streams/writable:337:10)\n    at TLSSocket.ondata (node:internal/streams/readable:766:22)\n    at TLSSocket.emit (node:events:513:28)\n    at addChunk (node:internal/streams/readable:324:12)\n    at readableAddChunk (node:internal/streams/readable:297:9)\n    at Readable.push (node:internal/streams/readable:234:10)\n    at TLSWrap.onStreamRead (node:internal/stream_base_commons:190:23)","ok":0,"code":8000,"codeName":"AtlasError","connectionGeneration":0,"level":"info","timestamp":"2023-04-01T10:58:20.853Z"}
{"level":"info","message":"Listening on port 3000...","timestamp":"2023-04-02T15:25:30.182Z"}
{"message":"could not connect to mongodb.","stack":"MongooseServerSelectionError: Could not connect to any servers in your MongoDB Atlas cluster. One common reason is that you're trying to access the database from an IP that isn't whitelisted. Make sure your current IP address is on your Atlas cluster's IP whitelist: https://www.mongodb.com/docs/atlas/security-whitelist/\n    at _handleConnectionErrors (C:\\Users\\Acer\\Desktop\\Vidly\\node_modules\\mongoose\\lib\\connection.js:755:11)\n    at NativeConnection.openUri (C:\\Users\\Acer\\Desktop\\Vidly\\node_modules\\mongoose\\lib\\connection.js:730:11)","reason":{"type":"Unknown","servers":{},"stale":false,"compatible":true,"heartbeatFrequencyMS":10000,"localThresholdMS":15,"setName":null,"maxElectionId":null,"maxSetVersion":null,"commonWireVersion":0,"logicalSessionTimeoutMinutes":null},"level":"info","timestamp":"2023-04-02T15:25:59.975Z"}
{"level":"info","message":"Listening on port 3000...","timestamp":"2023-04-02T15:49:16.559Z"}
{"message":"could not connect to mongodb.","stack":"MongooseServerSelectionError: Could not connect to any servers in your MongoDB Atlas cluster. One common reason is that you're trying to access the database from an IP that isn't whitelisted. Make sure your current IP address is on your Atlas cluster's IP whitelist: https://www.mongodb.com/docs/atlas/security-whitelist/\n    at _handleConnectionErrors (C:\\Users\\Acer\\Desktop\\Vidly\\node_modules\\mongoose\\lib\\connection.js:755:11)\n    at NativeConnection.openUri (C:\\Users\\Acer\\Desktop\\Vidly\\node_modules\\mongoose\\lib\\connection.js:730:11)","reason":{"type":"Unknown","servers":{},"stale":false,"compatible":true,"heartbeatFrequencyMS":10000,"localThresholdMS":15,"setName":null,"maxElectionId":null,"maxSetVersion":null,"commonWireVersion":0,"logicalSessionTimeoutMinutes":null},"level":"info","timestamp":"2023-04-02T15:49:46.533Z"}
{"level":"info","message":"Listening on port 3000...","timestamp":"2023-04-02T16:03:13.188Z"}
{"level":"info","message":"Listening on port 3000...","timestamp":"2023-04-02T16:06:16.939Z"}
{"level":"info","message":"Listening on port 3000...","timestamp":"2023-04-02T16:07:29.739Z"}
{"level":"info","message":"Listening on port 3000...","timestamp":"2023-04-02T16:08:45.189Z"}
{"level":"info","message":"Listening on port 3000...","timestamp":"2023-04-02T16:50:21.535Z"}
{"level":"info","message":"Listening on port 3000...","timestamp":"2023-04-02T16:51:16.306Z"}
{"level":"info","message":"Listening on port 3000...","timestamp":"2023-04-02T16:54:42.101Z"}
{"level":"info","message":"Listening on port 3000...","timestamp":"2023-04-02T17:04:46.032Z"}
{"level":"info","message":"Listening on port 3000...","timestamp":"2023-04-02T17:10:51.339Z"}
{"level":"info","message":"Listening on port 3000...","timestamp":"2023-04-02T17:37:34.246Z"}
{"level":"info","message":"Listening on port 3000...","timestamp":"2023-04-02T17:44:43.845Z"}
{"level":"info","message":"Listening on port 3000...","timestamp":"2023-04-02T17:45:58.649Z"}
{"level":"info","message":"Listening on port 3000...","timestamp":"2023-04-02T17:48:10.355Z"}
{"level":"info","message":"Listening on port 3000...","timestamp":"2023-04-02T18:14:54.908Z"}
{"level":"info","message":"Listening on port 3000...","timestamp":"2023-04-02T18:16:38.179Z"}
{"level":"info","message":"Listening on port 3000...","timestamp":"2023-04-02T18:19:35.946Z"}
{"level":"info","message":"Listening on port 3000...","timestamp":"2023-04-02T18:26:01.662Z"}
{"level":"info","message":"Listening on port 3000...","timestamp":"2023-04-02T18:31:29.958Z"}
{"level":"info","message":"Listening on port 3000...","timestamp":"2023-04-02T18:33:04.837Z"}
{"level":"info","message":"Listening on port 3000...","timestamp":"2023-04-03T08:26:33.306Z"}
{"level":"info","message":"Listening on port 3000...","timestamp":"2023-04-03T08:30:02.924Z"}
{"level":"info","message":"Listening on port 3000...","timestamp":"2023-04-03T08:41:30.857Z"}
{"level":"info","message":"Listening on port 3000...","timestamp":"2023-04-03T08:49:29.307Z"}
{"level":"info","message":"Listening on port 3000...","timestamp":"2023-04-03T08:51:47.596Z"}
{"level":"info","message":"Listening on port 3000...","timestamp":"2023-04-03T08:53:00.059Z"}
{"level":"info","message":"Listening on port 3000...","timestamp":"2023-04-03T08:57:02.405Z"}
{"level":"info","message":"Listening on port 3000...","timestamp":"2023-04-03T08:58:25.546Z"}
{"level":"info","message":"Listening on port 3000...","timestamp":"2023-04-03T09:00:13.194Z"}
{"level":"info","message":"Listening on port 3000...","timestamp":"2023-04-03T09:29:10.182Z"}
{"level":"info","message":"Listening on port 3000...","timestamp":"2023-04-03T09:35:44.977Z"}
{"level":"info","message":"Listening on port 3000...","timestamp":"2023-04-03T09:39:56.784Z"}
{"level":"info","message":"Listening on port 3000...","timestamp":"2023-04-03T09:43:22.457Z"}
{"level":"info","message":"Listening on port 3000...","timestamp":"2023-04-03T09:45:49.327Z"}
{"level":"info","message":"Listening on port 3000...","timestamp":"2023-04-03T09:48:00.925Z"}
{"level":"info","message":"Listening on port 3000...","timestamp":"2023-04-03T09:49:43.067Z"}
{"level":"info","message":"Listening on port 3000...","timestamp":"2023-04-03T09:52:12.754Z"}
{"level":"info","message":"Listening on port 3000...","timestamp":"2023-04-03T09:54:35.681Z"}
{"level":"info","message":"Listening on port 3000...","timestamp":"2023-04-03T09:57:56.776Z"}
{"level":"info","message":"Listening on port 3000...","timestamp":"2023-04-03T10:50:16.679Z"}
{"level":"info","message":"Listening on port 3000...","timestamp":"2023-04-03T10:51:33.170Z"}
{"level":"info","message":"Listening on port 3000...","timestamp":"2023-04-03T10:55:36.567Z"}
{"level":"info","message":"could not connect to mongodb atlas.","timestamp":"2023-04-03T10:56:06.543Z"}
{"message":"Could not connect to any servers in your MongoDB Atlas cluster. One common reason is that you're trying to access the database from an IP that isn't whitelisted. Make sure your current IP address is on your Atlas cluster's IP whitelist: https://www.mongodb.com/docs/atlas/security-whitelist/","stack":"MongooseServerSelectionError: Could not connect to any servers in your MongoDB Atlas cluster. One common reason is that you're trying to access the database from an IP that isn't whitelisted. Make sure your current IP address is on your Atlas cluster's IP whitelist: https://www.mongodb.com/docs/atlas/security-whitelist/\n    at _handleConnectionErrors (C:\\Users\\Acer\\Desktop\\Vidly\\node_modules\\mongoose\\lib\\connection.js:755:11)\n    at NativeConnection.openUri (C:\\Users\\Acer\\Desktop\\Vidly\\node_modules\\mongoose\\lib\\connection.js:730:11)","reason":{"type":"Unknown","servers":{},"stale":false,"compatible":true,"heartbeatFrequencyMS":10000,"localThresholdMS":15,"setName":null,"maxElectionId":null,"maxSetVersion":null,"commonWireVersion":0,"logicalSessionTimeoutMinutes":null},"level":"info","timestamp":"2023-04-03T10:56:06.547Z"}
{"level":"info","message":"Listening on port 3000...","timestamp":"2023-04-03T11:01:47.237Z"}
{"level":"info","message":"could not connect to mongodb atlas.","timestamp":"2023-04-03T11:02:17.227Z"}
{"message":"Could not connect to any servers in your MongoDB Atlas cluster. One common reason is that you're trying to access the database from an IP that isn't whitelisted. Make sure your current IP address is on your Atlas cluster's IP whitelist: https://www.mongodb.com/docs/atlas/security-whitelist/","stack":"MongooseServerSelectionError: Could not connect to any servers in your MongoDB Atlas cluster. One common reason is that you're trying to access the database from an IP that isn't whitelisted. Make sure your current IP address is on your Atlas cluster's IP whitelist: https://www.mongodb.com/docs/atlas/security-whitelist/\n    at _handleConnectionErrors (C:\\Users\\Acer\\Desktop\\Vidly\\node_modules\\mongoose\\lib\\connection.js:755:11)\n    at NativeConnection.openUri (C:\\Users\\Acer\\Desktop\\Vidly\\node_modules\\mongoose\\lib\\connection.js:730:11)","reason":{"type":"Unknown","servers":{},"stale":false,"compatible":true,"heartbeatFrequencyMS":10000,"localThresholdMS":15,"setName":null,"maxElectionId":null,"maxSetVersion":null,"commonWireVersion":0,"logicalSessionTimeoutMinutes":null},"level":"info","timestamp":"2023-04-03T11:02:17.233Z"}
{"level":"info","message":"Listening on port 3000...","timestamp":"2023-04-03T11:06:32.273Z"}
{"level":"info","message":"could not connect to mongodb atlas.","timestamp":"2023-04-03T11:07:02.277Z"}
{"message":"Could not connect to any servers in your MongoDB Atlas cluster. One common reason is that you're trying to access the database from an IP that isn't whitelisted. Make sure your current IP address is on your Atlas cluster's IP whitelist: https://www.mongodb.com/docs/atlas/security-whitelist/","stack":"MongooseServerSelectionError: Could not connect to any servers in your MongoDB Atlas cluster. One common reason is that you're trying to access the database from an IP that isn't whitelisted. Make sure your current IP address is on your Atlas cluster's IP whitelist: https://www.mongodb.com/docs/atlas/security-whitelist/\n    at _handleConnectionErrors (C:\\Users\\Acer\\Desktop\\Vidly\\node_modules\\mongoose\\lib\\connection.js:755:11)\n    at NativeConnection.openUri (C:\\Users\\Acer\\Desktop\\Vidly\\node_modules\\mongoose\\lib\\connection.js:730:11)\n    at processTicksAndRejections (node:internal/process/task_queues:95:5)\n    at runNextTicks (node:internal/process/task_queues:64:3)\n    at listOnTimeout (node:internal/timers:538:9)\n    at process.processTimers (node:internal/timers:512:7)","reason":{"type":"Unknown","servers":{},"stale":false,"compatible":true,"heartbeatFrequencyMS":10000,"localThresholdMS":15,"setName":null,"maxElectionId":null,"maxSetVersion":null,"commonWireVersion":0,"logicalSessionTimeoutMinutes":null},"level":"info","timestamp":"2023-04-03T11:07:02.285Z"}
{"level":"info","message":"Listening on port 3000...","timestamp":"2023-04-03T11:14:48.992Z"}
{"level":"info","message":"could not connect to mongodb atlas.","timestamp":"2023-04-03T11:15:18.989Z"}
{"message":"Could not connect to any servers in your MongoDB Atlas cluster. One common reason is that you're trying to access the database from an IP that isn't whitelisted. Make sure your current IP address is on your Atlas cluster's IP whitelist: https://www.mongodb.com/docs/atlas/security-whitelist/","stack":"MongooseServerSelectionError: Could not connect to any servers in your MongoDB Atlas cluster. One common reason is that you're trying to access the database from an IP that isn't whitelisted. Make sure your current IP address is on your Atlas cluster's IP whitelist: https://www.mongodb.com/docs/atlas/security-whitelist/\n    at _handleConnectionErrors (C:\\Users\\Acer\\Desktop\\Vidly\\node_modules\\mongoose\\lib\\connection.js:755:11)\n    at NativeConnection.openUri (C:\\Users\\Acer\\Desktop\\Vidly\\node_modules\\mongoose\\lib\\connection.js:730:11)\n    at runNextTicks (node:internal/process/task_queues:60:5)\n    at listOnTimeout (node:internal/timers:538:9)\n    at process.processTimers (node:internal/timers:512:7)","reason":{"type":"Unknown","servers":{},"stale":false,"compatible":true,"heartbeatFrequencyMS":10000,"localThresholdMS":15,"setName":null,"maxElectionId":null,"maxSetVersion":null,"commonWireVersion":0,"logicalSessionTimeoutMinutes":null},"level":"info","timestamp":"2023-04-03T11:15:19.021Z"}
{"level":"info","message":"Listening on port 3000...","timestamp":"2023-04-03T11:17:00.373Z"}
{"level":"info","message":"could not connect to mongodb atlas.","timestamp":"2023-04-03T11:17:30.375Z"}
{"message":"Could not connect to any servers in your MongoDB Atlas cluster. One common reason is that you're trying to access the database from an IP that isn't whitelisted. Make sure your current IP address is on your Atlas cluster's IP whitelist: https://www.mongodb.com/docs/atlas/security-whitelist/","stack":"MongooseServerSelectionError: Could not connect to any servers in your MongoDB Atlas cluster. One common reason is that you're trying to access the database from an IP that isn't whitelisted. Make sure your current IP address is on your Atlas cluster's IP whitelist: https://www.mongodb.com/docs/atlas/security-whitelist/\n    at _handleConnectionErrors (C:\\Users\\Acer\\Desktop\\Vidly\\node_modules\\mongoose\\lib\\connection.js:755:11)\n    at NativeConnection.openUri (C:\\Users\\Acer\\Desktop\\Vidly\\node_modules\\mongoose\\lib\\connection.js:730:11)\n    at runNextTicks (node:internal/process/task_queues:60:5)\n    at listOnTimeout (node:internal/timers:538:9)\n    at process.processTimers (node:internal/timers:512:7)","reason":{"type":"Unknown","servers":{},"stale":false,"compatible":true,"heartbeatFrequencyMS":10000,"localThresholdMS":15,"setName":null,"maxElectionId":null,"maxSetVersion":null,"commonWireVersion":0,"logicalSessionTimeoutMinutes":null},"level":"info","timestamp":"2023-04-03T11:17:30.390Z"}
{"level":"info","message":"Listening on port 3000...","timestamp":"2023-04-03T11:18:13.412Z"}
{"level":"info","message":"could not connect to mongodb atlas.","timestamp":"2023-04-03T11:18:43.408Z"}
{"message":"Could not connect to any servers in your MongoDB Atlas cluster. One common reason is that you're trying to access the database from an IP that isn't whitelisted. Make sure your current IP address is on your Atlas cluster's IP whitelist: https://www.mongodb.com/docs/atlas/security-whitelist/","stack":"MongooseServerSelectionError: Could not connect to any servers in your MongoDB Atlas cluster. One common reason is that you're trying to access the database from an IP that isn't whitelisted. Make sure your current IP address is on your Atlas cluster's IP whitelist: https://www.mongodb.com/docs/atlas/security-whitelist/\n    at _handleConnectionErrors (C:\\Users\\Acer\\Desktop\\Vidly\\node_modules\\mongoose\\lib\\connection.js:755:11)\n    at NativeConnection.openUri (C:\\Users\\Acer\\Desktop\\Vidly\\node_modules\\mongoose\\lib\\connection.js:730:11)\n    at runNextTicks (node:internal/process/task_queues:60:5)\n    at listOnTimeout (node:internal/timers:538:9)\n    at process.processTimers (node:internal/timers:512:7)","reason":{"type":"Unknown","servers":{},"stale":false,"compatible":true,"heartbeatFrequencyMS":10000,"localThresholdMS":15,"setName":null,"maxElectionId":null,"maxSetVersion":null,"commonWireVersion":0,"logicalSessionTimeoutMinutes":null},"level":"info","timestamp":"2023-04-03T11:18:43.422Z"}
{"level":"info","message":"Listening on port 3000...","timestamp":"2023-04-03T11:20:57.273Z"}
{"level":"info","message":"could not connect to mongodb atlas.","timestamp":"2023-04-03T11:21:27.259Z"}
{"message":"Could not connect to any servers in your MongoDB Atlas cluster. One common reason is that you're trying to access the database from an IP that isn't whitelisted. Make sure your current IP address is on your Atlas cluster's IP whitelist: https://www.mongodb.com/docs/atlas/security-whitelist/","stack":"MongooseServerSelectionError: Could not connect to any servers in your MongoDB Atlas cluster. One common reason is that you're trying to access the database from an IP that isn't whitelisted. Make sure your current IP address is on your Atlas cluster's IP whitelist: https://www.mongodb.com/docs/atlas/security-whitelist/\n    at _handleConnectionErrors (C:\\Users\\Acer\\Desktop\\Vidly\\node_modules\\mongoose\\lib\\connection.js:755:11)\n    at NativeConnection.openUri (C:\\Users\\Acer\\Desktop\\Vidly\\node_modules\\mongoose\\lib\\connection.js:730:11)","reason":{"type":"Unknown","servers":{},"stale":false,"compatible":true,"heartbeatFrequencyMS":10000,"localThresholdMS":15,"setName":null,"maxElectionId":null,"maxSetVersion":null,"commonWireVersion":0,"logicalSessionTimeoutMinutes":null},"level":"info","timestamp":"2023-04-03T11:21:27.261Z"}
{"level":"info","message":"Listening on port 3000...","timestamp":"2023-04-03T11:22:45.553Z"}
{"level":"info","message":"could not connect to mongodb atlas.","timestamp":"2023-04-03T11:23:15.540Z"}
{"message":"Could not connect to any servers in your MongoDB Atlas cluster. One common reason is that you're trying to access the database from an IP that isn't whitelisted. Make sure your current IP address is on your Atlas cluster's IP whitelist: https://www.mongodb.com/docs/atlas/security-whitelist/","stack":"MongooseServerSelectionError: Could not connect to any servers in your MongoDB Atlas cluster. One common reason is that you're trying to access the database from an IP that isn't whitelisted. Make sure your current IP address is on your Atlas cluster's IP whitelist: https://www.mongodb.com/docs/atlas/security-whitelist/\n    at _handleConnectionErrors (C:\\Users\\Acer\\Desktop\\Vidly\\node_modules\\mongoose\\lib\\connection.js:755:11)\n    at NativeConnection.openUri (C:\\Users\\Acer\\Desktop\\Vidly\\node_modules\\mongoose\\lib\\connection.js:730:11)","reason":{"type":"Unknown","servers":{},"stale":false,"compatible":true,"heartbeatFrequencyMS":10000,"localThresholdMS":15,"setName":null,"maxElectionId":null,"maxSetVersion":null,"commonWireVersion":0,"logicalSessionTimeoutMinutes":null},"level":"info","timestamp":"2023-04-03T11:23:15.544Z"}
{"level":"info","message":"Listening on port 3000...","timestamp":"2023-04-03T11:31:13.011Z"}
{"level":"info","message":"could not connect to mongodb atlas.","timestamp":"2023-04-03T11:31:42.998Z"}
{"message":"Could not connect to any servers in your MongoDB Atlas cluster. One common reason is that you're trying to access the database from an IP that isn't whitelisted. Make sure your current IP address is on your Atlas cluster's IP whitelist: https://www.mongodb.com/docs/atlas/security-whitelist/","stack":"MongooseServerSelectionError: Could not connect to any servers in your MongoDB Atlas cluster. One common reason is that you're trying to access the database from an IP that isn't whitelisted. Make sure your current IP address is on your Atlas cluster's IP whitelist: https://www.mongodb.com/docs/atlas/security-whitelist/\n    at _handleConnectionErrors (C:\\Users\\Acer\\Desktop\\Vidly\\node_modules\\mongoose\\lib\\connection.js:755:11)\n    at NativeConnection.openUri (C:\\Users\\Acer\\Desktop\\Vidly\\node_modules\\mongoose\\lib\\connection.js:730:11)","reason":{"type":"Unknown","servers":{},"stale":false,"compatible":true,"heartbeatFrequencyMS":10000,"localThresholdMS":15,"setName":null,"maxElectionId":null,"maxSetVersion":null,"commonWireVersion":0,"logicalSessionTimeoutMinutes":null},"level":"info","timestamp":"2023-04-03T11:31:43.003Z"}
{"level":"info","message":"Listening on port 3000...","timestamp":"2023-04-03T11:33:07.304Z"}
{"level":"info","message":"could not connect to mongodb atlas.","timestamp":"2023-04-03T11:33:37.287Z"}
{"message":"Could not connect to any servers in your MongoDB Atlas cluster. One common reason is that you're trying to access the database from an IP that isn't whitelisted. Make sure your current IP address is on your Atlas cluster's IP whitelist: https://www.mongodb.com/docs/atlas/security-whitelist/","stack":"MongooseServerSelectionError: Could not connect to any servers in your MongoDB Atlas cluster. One common reason is that you're trying to access the database from an IP that isn't whitelisted. Make sure your current IP address is on your Atlas cluster's IP whitelist: https://www.mongodb.com/docs/atlas/security-whitelist/\n    at _handleConnectionErrors (C:\\Users\\Acer\\Desktop\\Vidly\\node_modules\\mongoose\\lib\\connection.js:755:11)\n    at NativeConnection.openUri (C:\\Users\\Acer\\Desktop\\Vidly\\node_modules\\mongoose\\lib\\connection.js:730:11)\n    at runNextTicks (node:internal/process/task_queues:60:5)\n    at listOnTimeout (node:internal/timers:538:9)\n    at process.processTimers (node:internal/timers:512:7)","reason":{"type":"Unknown","servers":{},"stale":false,"compatible":true,"heartbeatFrequencyMS":10000,"localThresholdMS":15,"setName":null,"maxElectionId":null,"maxSetVersion":null,"commonWireVersion":0,"logicalSessionTimeoutMinutes":null},"level":"info","timestamp":"2023-04-03T11:33:37.338Z"}
{"level":"info","message":"Listening on port 3000...","timestamp":"2023-04-03T11:34:25.878Z"}
{"level":"info","message":"could not connect to mongodb atlas.","timestamp":"2023-04-03T11:34:56.192Z"}
{"message":"Could not connect to any servers in your MongoDB Atlas cluster. One common reason is that you're trying to access the database from an IP that isn't whitelisted. Make sure your current IP address is on your Atlas cluster's IP whitelist: https://www.mongodb.com/docs/atlas/security-whitelist/","stack":"MongooseServerSelectionError: Could not connect to any servers in your MongoDB Atlas cluster. One common reason is that you're trying to access the database from an IP that isn't whitelisted. Make sure your current IP address is on your Atlas cluster's IP whitelist: https://www.mongodb.com/docs/atlas/security-whitelist/\n    at _handleConnectionErrors (C:\\Users\\Acer\\Desktop\\Vidly\\node_modules\\mongoose\\lib\\connection.js:755:11)\n    at NativeConnection.openUri (C:\\Users\\Acer\\Desktop\\Vidly\\node_modules\\mongoose\\lib\\connection.js:730:11)\n    at runNextTicks (node:internal/process/task_queues:60:5)\n    at listOnTimeout (node:internal/timers:538:9)\n    at process.processTimers (node:internal/timers:512:7)","reason":{"type":"Unknown","servers":{},"stale":false,"compatible":true,"heartbeatFrequencyMS":10000,"localThresholdMS":15,"setName":null,"maxElectionId":null,"maxSetVersion":null,"commonWireVersion":0,"logicalSessionTimeoutMinutes":null},"level":"info","timestamp":"2023-04-03T11:34:56.360Z"}
{"level":"info","message":"Listening on port 3000...","timestamp":"2023-04-03T13:52:59.557Z"}
{"level":"info","message":"could not connect to mongodb atlas.","timestamp":"2023-04-03T13:53:29.531Z"}
{"message":"Could not connect to any servers in your MongoDB Atlas cluster. One common reason is that you're trying to access the database from an IP that isn't whitelisted. Make sure your current IP address is on your Atlas cluster's IP whitelist: https://www.mongodb.com/docs/atlas/security-whitelist/","stack":"MongooseServerSelectionError: Could not connect to any servers in your MongoDB Atlas cluster. One common reason is that you're trying to access the database from an IP that isn't whitelisted. Make sure your current IP address is on your Atlas cluster's IP whitelist: https://www.mongodb.com/docs/atlas/security-whitelist/\n    at _handleConnectionErrors (C:\\Users\\Acer\\Desktop\\Vidly\\node_modules\\mongoose\\lib\\connection.js:755:11)\n    at NativeConnection.openUri (C:\\Users\\Acer\\Desktop\\Vidly\\node_modules\\mongoose\\lib\\connection.js:730:11)","reason":{"type":"Unknown","servers":{},"stale":false,"compatible":true,"heartbeatFrequencyMS":10000,"localThresholdMS":15,"setName":null,"maxElectionId":null,"maxSetVersion":null,"commonWireVersion":0,"logicalSessionTimeoutMinutes":null},"level":"info","timestamp":"2023-04-03T13:53:29.536Z"}
{"level":"info","message":"Listening on port 3000...","timestamp":"2023-04-04T08:37:24.645Z"}
{"level":"info","message":"could not connect to mongodb atlas.","timestamp":"2023-04-04T08:37:54.528Z"}
{"message":"Could not connect to any servers in your MongoDB Atlas cluster. One common reason is that you're trying to access the database from an IP that isn't whitelisted. Make sure your current IP address is on your Atlas cluster's IP whitelist: https://www.mongodb.com/docs/atlas/security-whitelist/","stack":"MongooseServerSelectionError: Could not connect to any servers in your MongoDB Atlas cluster. One common reason is that you're trying to access the database from an IP that isn't whitelisted. Make sure your current IP address is on your Atlas cluster's IP whitelist: https://www.mongodb.com/docs/atlas/security-whitelist/\n    at _handleConnectionErrors (C:\\Users\\Acer\\Desktop\\Vidly\\node_modules\\mongoose\\lib\\connection.js:755:11)\n    at NativeConnection.openUri (C:\\Users\\Acer\\Desktop\\Vidly\\node_modules\\mongoose\\lib\\connection.js:730:11)","reason":{"type":"Unknown","servers":{},"stale":false,"compatible":true,"heartbeatFrequencyMS":10000,"localThresholdMS":15,"setName":null,"maxElectionId":null,"maxSetVersion":null,"commonWireVersion":0,"logicalSessionTimeoutMinutes":null},"level":"info","timestamp":"2023-04-04T08:37:54.556Z"}
